Inizio del logging,	06/07/22 - 15:01:37
Connessione stabilita con il server RegistroTreni,	06/07/22 - 15:01:37
Itinerario ricevuto con successo!,	06/07/22 - 15:01:37
Inizio il mio persorso, esco dalla stazione!,	06/07/22 - 15:01:37
[ATTUALE:S0],[NEXT:MA1],	06/07/22 - 15:01:37
Richiedo di accedere al file,	06/07/22 - 15:01:37
Segmento occupato,	06/07/22 - 15:01:37
Richiedo di accedere al file,	06/07/22 - 15:01:39
Permesso accordato, impegno il prossimo segmento e libero il segmento attuale!,	06/07/22 - 15:01:39
Segmento precedente liberato con successo!,	06/07/22 - 15:01:39
[ATTUALE:MA1],[NEXT:MA2],	06/07/22 - 15:01:41
Richiedo di accedere al file,	06/07/22 - 15:01:41
Permesso accordato, impegno il prossimo segmento e libero il segmento attuale!,	06/07/22 - 15:01:41
Segmento precedente liberato con successo!,	06/07/22 - 15:01:41
[ATTUALE:MA2],[NEXT:MA3],	06/07/22 - 15:01:43
Richiedo di accedere al file,	06/07/22 - 15:01:43
Permesso accordato, impegno il prossimo segmento e libero il segmento attuale!,	06/07/22 - 15:01:43
Segmento precedente liberato con successo!,	06/07/22 - 15:01:43
[ATTUALE:MA3],[NEXT:MA4],	06/07/22 - 15:01:45
Richiedo di accedere al file,	06/07/22 - 15:01:45
Permesso accordato, impegno il prossimo segmento e libero il segmento attuale!,	06/07/22 - 15:01:45
Segmento precedente liberato con successo!,	06/07/22 - 15:01:45
[ATTUALE:MA4],[NEXT:MA5],	06/07/22 - 15:01:47
Richiedo di accedere al file,	06/07/22 - 15:01:47
Permesso accordato, impegno il prossimo segmento e libero il segmento attuale!,	06/07/22 - 15:01:47
Segmento precedente liberato con successo!,	06/07/22 - 15:01:47
[ATTUALE:MA5],[NEXT:S1],	06/07/22 - 15:01:49
Richiedo di accedere al file,	06/07/22 - 15:01:49
Permesso accordato, impegno il prossimo segmento e libero il segmento attuale!,	06/07/22 - 15:01:49
Segmento precedente liberato con successo!,	06/07/22 - 15:01:49
Concludo il mio percorso, sono in stazione!,	06/07/22 - 15:01:51
